[debug] [2024-07-05T05:00:14.984Z] ----------------------------------------------------------------------
[debug] [2024-07-05T05:00:14.987Z] Command:       /nix/store/2hxfkbdbwh2s7rc20khzq8sjnywq0xs8-nodejs-18.19.1/bin/node /nix/store/c39bwyniy6knk2q0pywvqhzcrm98chdl-firebase-tools-13.9.0/lib/node_modules/firebase-tools/lib/bin/firebase.js init
[debug] [2024-07-05T05:00:14.988Z] CLI Version:   13.9.0
[debug] [2024-07-05T05:00:14.989Z] Platform:      linux
[debug] [2024-07-05T05:00:14.989Z] Node Version:  v18.19.1
[debug] [2024-07-05T05:00:15.006Z] Time:          Fri Jul 05 2024 05:00:14 GMT+0000 (Coordinated Universal Time)
[debug] [2024-07-05T05:00:15.007Z] ----------------------------------------------------------------------
[debug] 
[debug] [2024-07-05T05:00:15.014Z] >>> [apiv2][query] GET https://firebase-public.firebaseio.com/cli.json [none]
[debug] [2024-07-05T05:00:15.083Z] > command requires scopes: ["email","openid","https://www.googleapis.com/auth/cloudplatformprojects.readonly","https://www.googleapis.com/auth/firebase","https://www.googleapis.com/auth/cloud-platform"]
[debug] [2024-07-05T05:00:15.459Z] <<< [apiv2][status] GET https://firebase-public.firebaseio.com/cli.json 200
[debug] [2024-07-05T05:00:15.460Z] <<< [apiv2][body] GET https://firebase-public.firebaseio.com/cli.json {"cloudBuildErrorAfter":1594252800000,"cloudBuildWarnAfter":1590019200000,"defaultNode10After":1594252800000,"minVersion":"3.0.5","node8DeploysDisabledAfter":1613390400000,"node8RuntimeDisabledAfter":1615809600000,"node8WarnAfter":1600128000000}
[info] 
     ######## #### ########  ######## ########     ###     ######  ########
     ##        ##  ##     ## ##       ##     ##  ##   ##  ##       ##
     ######    ##  ########  ######   ########  #########  ######  ######
     ##        ##  ##    ##  ##       ##     ## ##     ##       ## ##
     ##       #### ##     ## ######## ########  ##     ##  ######  ########

You're about to initialize a Firebase project in this directory:

  /home/user/course

